2021-05-18 14:40:19.102  INFO 1764 --- [main] com.bloom.prueba.PruebaApplication       : Starting PruebaApplication using Java 11.0.10 on Personal-PC with PID 1764 (D:\Java\prueba\target\classes started by Personal in D:\Java\prueba)
2021-05-18 14:40:19.125  INFO 1764 --- [main] com.bloom.prueba.PruebaApplication       : No active profile set, falling back to default profiles: default
2021-05-18 14:40:24.482  INFO 1764 --- [main] .s.d.r.c.RepositoryConfigurationDelegate : Bootstrapping Spring Data JPA repositories in DEFAULT mode.
2021-05-18 14:40:24.724  INFO 1764 --- [main] .s.d.r.c.RepositoryConfigurationDelegate : Finished Spring Data repository scanning in 161 ms. Found 1 JPA repository interfaces.
2021-05-18 14:40:27.716  INFO 1764 --- [main] o.s.b.w.embedded.tomcat.TomcatWebServer  : Tomcat initialized with port(s): 8888 (http)
2021-05-18 14:40:27.764  INFO 1764 --- [main] o.apache.catalina.core.StandardService   : Starting service [Tomcat]
2021-05-18 14:40:27.766  INFO 1764 --- [main] org.apache.catalina.core.StandardEngine  : Starting Servlet engine: [Apache Tomcat/9.0.45]
2021-05-18 14:40:28.219  INFO 1764 --- [main] o.a.c.c.C.[Tomcat].[localhost].[/]       : Initializing Spring embedded WebApplicationContext
2021-05-18 14:40:28.220  INFO 1764 --- [main] w.s.c.ServletWebServerApplicationContext : Root WebApplicationContext: initialization completed in 8250 ms
2021-05-18 14:40:29.133  INFO 1764 --- [main] o.hibernate.jpa.internal.util.LogHelper  : HHH000204: Processing PersistenceUnitInfo [name: default]
2021-05-18 14:40:29.418  INFO 1764 --- [main] org.hibernate.Version                    : HHH000412: Hibernate ORM core version 5.4.30.Final
2021-05-18 14:40:30.164  INFO 1764 --- [main] o.hibernate.annotations.common.Version   : HCANN000001: Hibernate Commons Annotations {5.1.2.Final}
2021-05-18 14:40:30.633  INFO 1764 --- [main] com.zaxxer.hikari.HikariDataSource       : HikariPool-1 - Starting...
2021-05-18 14:40:31.545  INFO 1764 --- [main] com.zaxxer.hikari.HikariDataSource       : HikariPool-1 - Start completed.
2021-05-18 14:40:31.634  INFO 1764 --- [main] org.hibernate.dialect.Dialect            : HHH000400: Using dialect: org.hibernate.dialect.MySQL55Dialect
2021-05-18 14:40:34.056  INFO 1764 --- [main] o.h.e.t.j.p.i.JtaPlatformInitiator       : HHH000490: Using JtaPlatform implementation: [org.hibernate.engine.transaction.jta.platform.internal.NoJtaPlatform]
2021-05-18 14:40:34.199  INFO 1764 --- [main] j.LocalContainerEntityManagerFactoryBean : Initialized JPA EntityManagerFactory for persistence unit 'default'
2021-05-18 14:40:35.504  WARN 1764 --- [main] JpaBaseConfiguration$JpaWebConfiguration : spring.jpa.open-in-view is enabled by default. Therefore, database queries may be performed during view rendering. Explicitly configure spring.jpa.open-in-view to disable this warning
2021-05-18 14:40:35.914  INFO 1764 --- [main] o.s.s.concurrent.ThreadPoolTaskExecutor  : Initializing ExecutorService 'applicationTaskExecutor'
2021-05-18 14:40:36.918  INFO 1764 --- [main] o.s.b.w.embedded.tomcat.TomcatWebServer  : Tomcat started on port(s): 8888 (http) with context path ''
2021-05-18 14:40:36.941  INFO 1764 --- [main] com.bloom.prueba.PruebaApplication       : Started PruebaApplication in 20.7 seconds (JVM running for 22.556)
2021-05-18 14:45:03.506  INFO 1764 --- [http-nio-8888-exec-1] o.a.c.c.C.[Tomcat].[localhost].[/]       : Initializing Spring DispatcherServlet 'dispatcherServlet'
2021-05-18 14:45:03.516  INFO 1764 --- [http-nio-8888-exec-1] o.s.web.servlet.DispatcherServlet        : Initializing Servlet 'dispatcherServlet'
2021-05-18 14:45:03.521  INFO 1764 --- [http-nio-8888-exec-1] o.s.web.servlet.DispatcherServlet        : Completed initialization in 2 ms
2021-05-18 15:19:16.551  INFO 1764 --- [http-nio-8888-exec-8] c.b.prueba.controller.UserController     : Proceso de Insercion
2021-05-18 15:19:17.023  INFO 1764 --- [http-nio-8888-exec-8] c.b.prueba.controller.UserController     : DATA: [ cedula = 4, nombre:Luisa ]
2021-05-18 15:19:17.024 ERROR 1764 --- [http-nio-8888-exec-8] c.b.prueba.controller.UserController     : Ya existe registro con la cedula definida
2021-05-18 15:21:04.840  INFO 1764 --- [http-nio-8888-exec-10] c.b.prueba.controller.UserController     : Proceso de Insercion
2021-05-18 15:21:04.858  INFO 1764 --- [http-nio-8888-exec-10] c.b.prueba.controller.UserController     : DATA: [ cedula = 23, nombre:German ]
2021-05-18 15:21:04.862  INFO 1764 --- [http-nio-8888-exec-10] c.b.prueba.controller.UserController     : Creado Usuario con cedula: 23, nombre: German
2021-05-18 15:23:04.180  INFO 1764 --- [http-nio-8888-exec-3] c.b.prueba.controller.UserController     : Proceso de Actualizacion
2021-05-18 15:23:04.197  INFO 1764 --- [http-nio-8888-exec-3] c.b.prueba.controller.UserController     : DATA ANTERIOR: [ cedula = 23, nombre:German ]
2021-05-18 15:23:04.209  INFO 1764 --- [http-nio-8888-exec-3] c.b.prueba.controller.UserController     : Modificado Usuario con cedula = 23
2021-05-18 15:23:04.210  INFO 1764 --- [http-nio-8888-exec-3] c.b.prueba.controller.UserController     : DATA NUEVA: [ cedula = 23, nombre = Oscar ]
2021-05-18 15:52:42.736  INFO 1764 --- [SpringContextShutdownHook] o.s.s.concurrent.ThreadPoolTaskExecutor  : Shutting down ExecutorService 'applicationTaskExecutor'
2021-05-18 15:52:42.739  INFO 1764 --- [SpringContextShutdownHook] j.LocalContainerEntityManagerFactoryBean : Closing JPA EntityManagerFactory for persistence unit 'default'
2021-05-18 15:52:42.817  INFO 1764 --- [SpringContextShutdownHook] com.zaxxer.hikari.HikariDataSource       : HikariPool-1 - Shutdown initiated...
2021-05-18 15:52:42.866  INFO 1764 --- [SpringContextShutdownHook] com.zaxxer.hikari.HikariDataSource       : HikariPool-1 - Shutdown completed.
